c:\users\ghmpc\onedrive\escritorio\sistemabancariobcpupc\sistemabancariobcpupc\sistemab.e4e70a11\x64\debug\vc143.pdb
c:\users\ghmpc\onedrive\escritorio\sistemabancariobcpupc\sistemabancariobcpupc\sistemab.e4e70a11\x64\debug\sistemabancariobcpupc.obj
c:\users\ghmpc\onedrive\escritorio\sistemabancariobcpupc\sistemabancariobcpupc\sistemab.e4e70a11\x64\debug\lista.obj
c:\users\ghmpc\onedrive\escritorio\sistemabancariobcpupc\sistemabancariobcpupc\sistemab.e4e70a11\x64\debug\cliente.obj
c:\users\ghmpc\onedrive\escritorio\sistemabancariobcpupc\sistemabancariobcpupc\sistemab.e4e70a11\x64\debug\assemblyinfo.obj
c:\users\ghmpc\onedrive\escritorio\sistemabancariobcpupc\sistemabancariobcpupc\sistemab.e4e70a11\x64\debug\sistemabancariobcpupc.pch
c:\users\ghmpc\onedrive\escritorio\sistemabancariobcpupc\sistemabancariobcpupc\sistemab.e4e70a11\x64\debug\pch.obj
c:\users\ghmpc\onedrive\escritorio\sistemabancariobcpupc\sistemabancariobcpupc\sistemab.e4e70a11\x64\debug\nodo.obj
c:\users\ghmpc\onedrive\escritorio\sistemabancariobcpupc\sistemabancariobcpupc\sistemab.e4e70a11\x64\debug\cola.obj
c:\users\ghmpc\onedrive\escritorio\sistemabancariobcpupc\sistemabancariobcpupc\sistemab.e4e70a11\x64\debug\.netframework,version=v4.7.2.assemblyattributes.obj
c:\users\ghmpc\onedrive\escritorio\sistemabancariobcpupc\sistemabancariobcpupc\sistemab.e4e70a11\x64\debug\app.res
c:\users\ghmpc\onedrive\escritorio\sistemabancariobcpupc\sistemabancariobcpupc\x64\debug\sistemabancariobcpupc.pdb
c:\users\ghmpc\onedrive\escritorio\sistemabancariobcpupc\sistemabancariobcpupc\sistemab.e4e70a11\x64\debug\sistemab.e4e70a11.tlog\cl.command.1.tlog
c:\users\ghmpc\onedrive\escritorio\sistemabancariobcpupc\sistemabancariobcpupc\sistemab.e4e70a11\x64\debug\sistemab.e4e70a11.tlog\cl.items.tlog
c:\users\ghmpc\onedrive\escritorio\sistemabancariobcpupc\sistemabancariobcpupc\sistemab.e4e70a11\x64\debug\sistemab.e4e70a11.tlog\cl.read.1.tlog
c:\users\ghmpc\onedrive\escritorio\sistemabancariobcpupc\sistemabancariobcpupc\sistemab.e4e70a11\x64\debug\sistemab.e4e70a11.tlog\cl.write.1.tlog
c:\users\ghmpc\onedrive\escritorio\sistemabancariobcpupc\sistemabancariobcpupc\sistemab.e4e70a11\x64\debug\sistemab.e4e70a11.tlog\link.command.1.tlog
c:\users\ghmpc\onedrive\escritorio\sistemabancariobcpupc\sistemabancariobcpupc\sistemab.e4e70a11\x64\debug\sistemab.e4e70a11.tlog\link.read.1.tlog
c:\users\ghmpc\onedrive\escritorio\sistemabancariobcpupc\sistemabancariobcpupc\sistemab.e4e70a11\x64\debug\sistemab.e4e70a11.tlog\link.secondary.1.tlog
c:\users\ghmpc\onedrive\escritorio\sistemabancariobcpupc\sistemabancariobcpupc\sistemab.e4e70a11\x64\debug\sistemab.e4e70a11.tlog\link.write.1.tlog
c:\users\ghmpc\onedrive\escritorio\sistemabancariobcpupc\sistemabancariobcpupc\sistemab.e4e70a11\x64\debug\sistemab.e4e70a11.tlog\metagen.read.1.tlog
c:\users\ghmpc\onedrive\escritorio\sistemabancariobcpupc\sistemabancariobcpupc\sistemab.e4e70a11\x64\debug\sistemab.e4e70a11.tlog\metagen.write.1.tlog
c:\users\ghmpc\onedrive\escritorio\sistemabancariobcpupc\sistemabancariobcpupc\sistemab.e4e70a11\x64\debug\sistemab.e4e70a11.tlog\rc.command.1.tlog
c:\users\ghmpc\onedrive\escritorio\sistemabancariobcpupc\sistemabancariobcpupc\sistemab.e4e70a11\x64\debug\sistemab.e4e70a11.tlog\rc.read.1.tlog
c:\users\ghmpc\onedrive\escritorio\sistemabancariobcpupc\sistemabancariobcpupc\sistemab.e4e70a11\x64\debug\sistemab.e4e70a11.tlog\rc.write.1.tlog
